TN:
SF:src/abstracts/event-publisher.abstract.ts
FN:64,(anonymous_0)
FN:72,(anonymous_1)
FN:81,(anonymous_2)
FN:95,(anonymous_3)
FNF:4
FNH:4
FNDA:3,(anonymous_0)
FNDA:1,(anonymous_1)
FNDA:1,(anonymous_2)
FNDA:1,(anonymous_3)
DA:46,1
DA:64,3
DA:73,1
DA:82,1
DA:99,1
LF:5
LH:5
BRF:0
BRH:0
end_of_record
TN:
SF:src/abstracts/value-object-error-handler.abstract.ts
FN:50,(anonymous_0)
FN:60,(anonymous_1)
FN:70,(anonymous_2)
FN:81,(anonymous_3)
FN:95,(anonymous_4)
FN:99,(anonymous_5)
FNF:6
FNH:6
FNDA:2,(anonymous_0)
FNDA:3,(anonymous_1)
FNDA:1,(anonymous_2)
FNDA:2,(anonymous_3)
FNDA:1,(anonymous_4)
FNDA:1,(anonymous_5)
DA:1,1
DA:42,1
DA:51,2
DA:61,3
DA:71,1
DA:82,2
DA:99,1
DA:100,1
DA:103,1
DA:104,1
LF:10
LH:10
BRDA:82,0,0,2
BRDA:82,0,1,0
BRDA:100,1,0,1
BRDA:100,1,1,0
BRDA:103,2,0,1
BRDA:103,2,1,0
BRF:6
BRH:3
end_of_record
TN:
SF:src/abstracts/value-object.abstract.ts
FN:81,(anonymous_0)
FN:94,(anonymous_1)
FN:115,(anonymous_2)
FN:126,(anonymous_3)
FN:137,(anonymous_4)
FN:147,(anonymous_5)
FN:157,(anonymous_6)
FN:170,(anonymous_7)
FNF:8
FNH:8
FNDA:8,(anonymous_0)
FNDA:1,(anonymous_1)
FNDA:4,(anonymous_2)
FNDA:4,(anonymous_3)
FNDA:3,(anonymous_4)
FNDA:1,(anonymous_5)
FNDA:2,(anonymous_6)
FNDA:2,(anonymous_7)
DA:1,1
DA:46,1
DA:82,8
DA:83,8
DA:84,8
DA:85,8
DA:95,1
DA:96,1
DA:97,1
DA:116,4
DA:127,4
DA:138,3
DA:148,1
DA:158,2
DA:159,1
DA:171,2
DA:172,1
LF:17
LH:17
BRDA:84,0,0,5
BRDA:84,0,1,3
BRDA:116,1,0,3
BRDA:116,1,1,1
BRDA:171,2,0,1
BRDA:171,2,1,1
BRF:6
BRH:6
end_of_record
TN:
SF:src/exceptions/aggregate-root.exception.ts
FN:25,(anonymous_0)
FNF:1
FNH:1
FNDA:2,(anonymous_0)
DA:19,1
DA:26,2
LF:2
LH:2
BRF:0
BRH:0
end_of_record
TN:
SF:src/exceptions/value-object.exception.ts
FN:38,(anonymous_0)
FN:50,(anonymous_1)
FNF:2
FNH:2
FNDA:3,(anonymous_0)
FNDA:1,(anonymous_1)
DA:21,1
DA:39,3
DA:40,3
DA:51,1
LF:4
LH:4
BRF:0
BRH:0
end_of_record
